<?xml version="1.0" encoding="UTF-8"?>
<testng-results skipped="0" failed="0" total="1" passed="1">
  <reporter-output>
  </reporter-output>
  <suite name="myTests.Test1" duration-ms="137" started-at="2018-07-04T04:18:01Z" finished-at="2018-07-04T04:18:01Z">
    <groups>
    </groups>
    <test name="Command line test" duration-ms="137" started-at="2018-07-04T04:18:01Z" finished-at="2018-07-04T04:18:01Z">
      <class name="myTests.Test1">
        <test-method status="PASS" signature="display()[pri:0, instance:myTests.Test1@3f0ee7cb]" name="display" duration-ms="52" started-at="2018-07-04T09:48:01Z" finished-at="2018-07-04T09:48:01Z">
          <reporter-output>
          </reporter-output>
        </test-method> <!-- display -->
      </class> <!-- myTests.Test1 -->
    </test> <!-- Command line test -->
  </suite> <!-- myTests.Test1 -->
</testng-results>
