<?xml version="1.0" encoding="UTF-8"?>
<testng-results skipped="0" failed="0" total="1" passed="1">
  <reporter-output>
  </reporter-output>
  <suite name="Default suite" duration-ms="100" started-at="2018-07-04T04:14:05Z" finished-at="2018-07-04T04:14:05Z">
    <groups>
    </groups>
    <test name="Default test" duration-ms="100" started-at="2018-07-04T04:14:05Z" finished-at="2018-07-04T04:14:05Z">
      <class name="myTests.Test1">
        <test-method status="PASS" signature="display()[pri:0, instance:myTests.Test1@9f70c54]" name="display" duration-ms="37" started-at="2018-07-04T09:44:05Z" finished-at="2018-07-04T09:44:05Z">
          <reporter-output>
          </reporter-output>
        </test-method> <!-- display -->
      </class> <!-- myTests.Test1 -->
    </test> <!-- Default test -->
  </suite> <!-- Default suite -->
</testng-results>
